11/28/2024 19:12:29 [Project.Client.Client] ([32mINFO[0m):
[34m>[0m Client Created
11/28/2024 19:12:29 [Project.Client.Client] ([32mINFO[0m):
[34m>[0m Client starting
11/28/2024 19:34:19 [Project.Client.Client] ([32mINFO[0m):
[34m>[0m Client Created
11/28/2024 19:34:19 [Project.Client.ClientUI] ([34mFINE[0m):
[34m>[0m Current panel: USER_INFO
11/28/2024 19:34:23 [Project.Client.Views.UserDetailsPanel] ([32mINFO[0m):
[34m>[0m Chosen username: penis
11/28/2024 19:34:29 [Project.Client.ClientUI] ([34mFINE[0m):
[34m>[0m Current panel: CONNECT
11/28/2024 19:34:32 [Project.Client.ClientUI] ([34mFINE[0m):
[34m>[0m Current panel: CONNECT
11/28/2024 19:34:32 [Project.Client.ClientUI] ([34mFINE[0m):
[34m>[0m Current panel: CONNECT
11/28/2024 19:34:34 [Project.Client.ClientUI] ([34mFINE[0m):
[34m>[0m Current panel: USER_INFO
11/28/2024 19:34:37 [Project.Client.Views.UserDetailsPanel] ([32mINFO[0m):
[34m>[0m Chosen username: ball
11/28/2024 19:34:37 [Project.Client.Views.UserDetailsPanel] ([32mINFO[0m):
[34m>[0m Chosen username: ball
11/28/2024 19:38:51 [Project.Client.Client] ([32mINFO[0m):
[34m>[0m Client Created
11/28/2024 19:38:51 [Project.Client.ClientUI] ([34mFINE[0m):
[34m>[0m Current panel: USER_INFO
11/28/2024 19:38:55 [Project.Client.Views.UserDetailsPanel] ([32mINFO[0m):
[34m>[0m Chosen username: Steve
11/28/2024 19:38:55 [Project.Client.Client] ([32mINFO[0m):
[34m>[0m Client connected
11/28/2024 19:38:55 [Project.Client.Client] ([32mINFO[0m):
[34m>[0m Received Payload: Payload[CLIENT_ID] Client Id [1] Message: [null] Client Name [Steve] Status [connect]
11/28/2024 19:38:55 [Project.Client.ClientUI] ([34mFINE[0m):
[34m>[0m Current panel: CHAT
11/28/2024 19:38:55 [Project.Client.Client] ([32mINFO[0m):
[34m>[0m Received Payload: Payload[ROOM_JOIN] Client Id [1] Message: [lobby] Client Name [Steve] Status [connect]
11/28/2024 19:38:55 [Project.Client.ClientUI] ([32mINFO[0m):
[34m>[0m Current card: CHAT
11/28/2024 19:38:55 [Project.Client.Views.UserListPanel] ([32mINFO[0m):
[34m>[0m Adding user to list: Steve (1)
11/28/2024 19:38:56 [Project.Client.Client] ([32mINFO[0m):
[34m>[0m Received Payload: Payload[ROOM_JOIN] Client Id [2] Message: [lobby] Client Name [Bob] Status [connect]
11/28/2024 19:38:56 [Project.Client.ClientUI] ([32mINFO[0m):
[34m>[0m Current card: CHAT
11/28/2024 19:38:56 [Project.Client.Views.UserListPanel] ([32mINFO[0m):
[34m>[0m Adding user to list: Bob (2)
11/28/2024 19:39:19 [Project.Client.Client] ([32mINFO[0m):
[34m>[0m Received Payload: Payload[ROOM_JOIN] Client Id [2] Message: [lobby] Client Name [Bob] Status [disconnect]
11/28/2024 19:39:19 [Project.Client.ClientUI] ([32mINFO[0m):
[34m>[0m Current card: CHAT
11/28/2024 19:39:19 [Project.Client.Views.UserListPanel] ([32mINFO[0m):
[34m>[0m Removing user list item for id 2
11/28/2024 19:39:49 [Project.Client.Client] ([32mINFO[0m):
[34m>[0m Received Payload: Payload[ROOM_JOIN] Client Id [2] Message: [lobby] Client Name [Bob] Status [connect]
11/28/2024 19:39:49 [Project.Client.ClientUI] ([32mINFO[0m):
[34m>[0m Current card: CHAT
11/28/2024 19:39:49 [Project.Client.Views.UserListPanel] ([32mINFO[0m):
[34m>[0m Adding user to list: Bob (2)
11/28/2024 19:39:57 [Project.Client.Client] ([32mINFO[0m):
[34m>[0m Received Payload: Payload[MESSAGE] Client Id [2] Message: [asd]
11/28/2024 19:40:01 [Project.Client.Client] ([32mINFO[0m):
[34m>[0m Received Payload: Payload[MESSAGE] Client Id [2] Message: [<u>asd</u>]
11/28/2024 19:40:16 [Project.Client.Client] ([32mINFO[0m):
[34m>[0m Received Payload: Payload[MESSAGE] Client Id [2] Message: [&basd]
11/28/2024 19:53:23 [Project.Client.Client] ([32mINFO[0m):
[34m>[0m Received Payload: Payload[MESSAGE] Client Id [2] Message: [/rollfsdf]
11/28/2024 19:53:23 [Project.Client.Client] ([32mINFO[0m):
[34m>[0m Received Payload: Payload[MESSAGE] Client Id [2] Message: [fsdf]
11/28/2024 19:54:00 [Project.Client.Client] ([32mINFO[0m):
[34m>[0m Received Payload: Payload[DISCONNECT] Client Id [2] Message: [null] Client Name [Bob] Status [disconnect]
11/28/2024 19:54:00 [Project.Client.ClientUI] ([32mINFO[0m):
[34m>[0m Current card: CHAT
11/28/2024 19:54:00 [Project.Client.Views.UserListPanel] ([32mINFO[0m):
[34m>[0m Removing user list item for id 2
11/28/2024 19:54:00 [Project.Client.Views.UserListPanel] ([32mINFO[0m):
[34m>[0m Removing user list item for id 2
