11/14/2024 15:37:13 [Project.Client.Client] ([32mINFO[0m):
[34m>[0m Client Created
11/14/2024 15:37:13 [Project.Client.Client] ([32mINFO[0m):
[34m>[0m Client starting
11/14/2024 15:38:58 [Project.Client.Client] ([32mINFO[0m):
[34m>[0m Client connected
11/14/2024 15:55:13 [Project.Client.Client] ([32mINFO[0m):
[34m>[0m Client Created
11/14/2024 15:55:13 [Project.Client.Client] ([32mINFO[0m):
[34m>[0m Client starting
11/14/2024 15:55:28 [Project.Client.Client] ([32mINFO[0m):
[34m>[0m Client connected
11/14/2024 15:56:31 [Project.Client.Client] ([32mINFO[0m):
[34m>[0m Connection dropped
java.net.SocketException: Connection reset
	at java.base/sun.nio.ch.NioSocketImpl.implRead(NioSocketImpl.java:318)
	at java.base/sun.nio.ch.NioSocketImpl.read(NioSocketImpl.java:346)
	at java.base/sun.nio.ch.NioSocketImpl$1.read(NioSocketImpl.java:796)
	at java.base/java.net.Socket$SocketInputStream.read(Socket.java:1099)
	at java.base/java.net.Socket$SocketInputStream.read(Socket.java:1093)
	at java.base/java.io.ObjectInputStream$PeekInputStream.peek(ObjectInputStream.java:2893)
	at java.base/java.io.ObjectInputStream$BlockDataInputStream.peek(ObjectInputStream.java:3220)
	at java.base/java.io.ObjectInputStream$BlockDataInputStream.peekByte(ObjectInputStream.java:3230)
	at java.base/java.io.ObjectInputStream.readObject0(ObjectInputStream.java:1713)
	at java.base/java.io.ObjectInputStream.readObject(ObjectInputStream.java:540)
	... 9 more elements truncated ...

11/14/2024 15:56:31 [Project.Client.Client] ([32mINFO[0m):
[34m>[0m Closing output stream
11/14/2024 15:56:31 [Project.Client.Client] ([32mINFO[0m):
[34m>[0m Closing input stream
11/14/2024 15:56:31 [Project.Client.Client] ([32mINFO[0m):
[34m>[0m Closing connection
11/14/2024 15:56:31 [Project.Client.Client] ([32mINFO[0m):
[34m>[0m Closed socket
11/14/2024 15:56:31 [Project.Client.Client] ([32mINFO[0m):
[34m>[0m listenToServer thread stopped
11/14/2024 16:09:37 [Project.Client.Client] ([32mINFO[0m):
[34m>[0m Client Created
11/14/2024 16:09:37 [Project.Client.Client] ([32mINFO[0m):
[34m>[0m Client starting
11/14/2024 16:09:45 [Project.Client.Client] ([31mSEVERE[0m):
[34m>[0m IOException
java.net.ConnectException: Connection refused: connect
	at java.base/sun.nio.ch.Net.connect0(Native Method)
	at java.base/sun.nio.ch.Net.connect(Net.java:589)
	at java.base/sun.nio.ch.Net.connect(Net.java:578)
	at java.base/sun.nio.ch.NioSocketImpl.connect(NioSocketImpl.java:583)
	at java.base/java.net.SocksSocketImpl.connect(SocksSocketImpl.java:327)
	at java.base/java.net.Socket.connect(Socket.java:751)
	at java.base/java.net.Socket.connect(Socket.java:686)
	at java.base/java.net.Socket.<init>(Socket.java:555)
	at java.base/java.net.Socket.<init>(Socket.java:324)
	at Project.Client.Client.connect(Client.java:87)
	... 9 more elements truncated ...

11/14/2024 16:09:45 [Project.Client.Client] ([31mSEVERE[0m):
[34m>[0m Error in listentToInput()
java.lang.NullPointerException: Cannot invoke "java.io.ObjectOutputStream.writeObject(Object)" because "this.out" is null
	at Project.Client.Client.send(Client.java:321)
	at Project.Client.Client.sendClientName(Client.java:311)
	at Project.Client.Client.processClientCommand(Client.java:145)
	at Project.Client.Client.listenToInput(Client.java:375)
	at java.base/java.util.concurrent.CompletableFuture$AsyncRun.run(CompletableFuture.java:1804)
	at java.base/java.util.concurrent.CompletableFuture$AsyncRun.exec(CompletableFuture.java:1796)
	at java.base/java.util.concurrent.ForkJoinTask.doExec(ForkJoinTask.java:387)
	at java.base/java.util.concurrent.ForkJoinPool$WorkQueue.topLevelExec(ForkJoinPool.java:1312)
	at java.base/java.util.concurrent.ForkJoinPool.scan(ForkJoinPool.java:1843)
	at java.base/java.util.concurrent.ForkJoinPool.runWorker(ForkJoinPool.java:1808)
	... 1 more elements truncated ...

11/14/2024 16:09:45 [Project.Client.Client] ([32mINFO[0m):
[34m>[0m listenToInput thread stopped
11/14/2024 16:10:36 [Project.Client.Client] ([32mINFO[0m):
[34m>[0m Client Created
11/14/2024 16:10:37 [Project.Client.Client] ([32mINFO[0m):
[34m>[0m Client starting
11/14/2024 16:10:42 [Project.Client.Client] ([32mINFO[0m):
[34m>[0m Client connected
11/14/2024 16:10:42 [Project.Client.Client] ([32mINFO[0m):
[34m>[0m Received Payload: Payload[CLIENT_ID] Client Id [1] Message: [null] Client Name [Bob] Status [connect]
11/14/2024 16:10:42 [Project.Client.Client] ([32mINFO[0m):
[34m>[0m Received Payload: Payload[ROOM_JOIN] Client Id [1] Message: [lobby] Client Name [Bob] Status [connect]
11/14/2024 16:10:47 [Project.Client.Client] ([32mINFO[0m):
[34m>[0m Received Payload: Payload[MESSAGE] Client Id [-1] Message: [Tails]
11/14/2024 16:12:30 [Project.Client.Client] ([32mINFO[0m):
[34m>[0m Client Created
11/14/2024 16:12:30 [Project.Client.Client] ([32mINFO[0m):
[34m>[0m Client starting
11/14/2024 16:12:35 [Project.Client.Client] ([32mINFO[0m):
[34m>[0m Client connected
11/14/2024 16:12:36 [Project.Client.Client] ([32mINFO[0m):
[34m>[0m Received Payload: Payload[CLIENT_ID] Client Id [2] Message: [null] Client Name [Bob] Status [connect]
11/14/2024 16:12:36 [Project.Client.Client] ([32mINFO[0m):
[34m>[0m Received Payload: Payload[ROOM_JOIN] Client Id [2] Message: [lobby] Client Name [Bob] Status [connect]
11/14/2024 16:12:36 [Project.Client.Client] ([32mINFO[0m):
[34m>[0m Received Payload: Payload[SYNC_CLIENT] Client Id [1] Message: [null] Client Name [Bob] Status [connect]
11/14/2024 16:12:38 [Project.Client.Client] ([32mINFO[0m):
[34m>[0m Received Payload: Payload[MESSAGE] Client Id [-1] Message: [Tails]
11/14/2024 16:30:02 [Project.Client.Client] ([32mINFO[0m):
[34m>[0m Received Payload: Payload[ROOM_JOIN] Client Id [3] Message: [lobby] Client Name [Bob] Status [connect]
11/14/2024 16:30:18 [Project.Client.Client] ([32mINFO[0m):
[34m>[0m Connection dropped
java.net.SocketException: Connection reset
	at java.base/sun.nio.ch.NioSocketImpl.implRead(NioSocketImpl.java:318)
	at java.base/sun.nio.ch.NioSocketImpl.read(NioSocketImpl.java:346)
	at java.base/sun.nio.ch.NioSocketImpl$1.read(NioSocketImpl.java:796)
	at java.base/java.net.Socket$SocketInputStream.read(Socket.java:1099)
	at java.base/java.net.Socket$SocketInputStream.read(Socket.java:1093)
	at java.base/java.io.ObjectInputStream$PeekInputStream.peek(ObjectInputStream.java:2893)
	at java.base/java.io.ObjectInputStream$BlockDataInputStream.peek(ObjectInputStream.java:3220)
	at java.base/java.io.ObjectInputStream$BlockDataInputStream.peekByte(ObjectInputStream.java:3230)
	at java.base/java.io.ObjectInputStream.readObject0(ObjectInputStream.java:1713)
	at java.base/java.io.ObjectInputStream.readObject(ObjectInputStream.java:540)
	... 9 more elements truncated ...

11/14/2024 16:30:18 [Project.Client.Client] ([32mINFO[0m):
[34m>[0m Closing output stream
11/14/2024 16:30:18 [Project.Client.Client] ([32mINFO[0m):
[34m>[0m Closing input stream
11/14/2024 16:30:18 [Project.Client.Client] ([32mINFO[0m):
[34m>[0m Closing connection
11/14/2024 16:30:18 [Project.Client.Client] ([32mINFO[0m):
[34m>[0m Closed socket
11/14/2024 16:30:18 [Project.Client.Client] ([32mINFO[0m):
[34m>[0m listenToServer thread stopped
11/14/2024 16:30:22 [Project.Client.Client] ([32mINFO[0m):
[34m>[0m Client Created
11/14/2024 16:30:22 [Project.Client.Client] ([32mINFO[0m):
[34m>[0m Client starting
11/14/2024 16:30:43 [Project.Client.Client] ([32mINFO[0m):
[34m>[0m Client connected
11/14/2024 16:30:43 [Project.Client.Client] ([32mINFO[0m):
[34m>[0m Received Payload: Payload[CLIENT_ID] Client Id [1] Message: [null] Client Name [Bob] Status [connect]
11/14/2024 16:30:43 [Project.Client.Client] ([32mINFO[0m):
[34m>[0m Received Payload: Payload[ROOM_JOIN] Client Id [1] Message: [lobby] Client Name [Bob] Status [connect]
11/14/2024 16:30:46 [Project.Client.Client] ([32mINFO[0m):
[34m>[0m Received Payload: Payload[MESSAGE] Client Id [-1] Message: [Bob rolled 1d5 and got 2]
11/14/2024 16:30:49 [Project.Client.Client] ([32mINFO[0m):
[34m>[0m Received Payload: Payload[MESSAGE] Client Id [-1] Message: [Bob rolled 0d10 and got 0]
11/14/2024 16:35:31 [Project.Client.Client] ([32mINFO[0m):
[34m>[0m Client Created
11/14/2024 16:35:31 [Project.Client.Client] ([32mINFO[0m):
[34m>[0m Client starting
11/14/2024 16:35:42 [Project.Client.Client] ([31mSEVERE[0m):
[34m>[0m IOException
java.net.ConnectException: Connection refused: connect
	at java.base/sun.nio.ch.Net.connect0(Native Method)
	at java.base/sun.nio.ch.Net.connect(Net.java:589)
	at java.base/sun.nio.ch.Net.connect(Net.java:578)
	at java.base/sun.nio.ch.NioSocketImpl.connect(NioSocketImpl.java:583)
	at java.base/java.net.SocksSocketImpl.connect(SocksSocketImpl.java:327)
	at java.base/java.net.Socket.connect(Socket.java:751)
	at java.base/java.net.Socket.connect(Socket.java:686)
	at java.base/java.net.Socket.<init>(Socket.java:555)
	at java.base/java.net.Socket.<init>(Socket.java:324)
	at Project.Client.Client.connect(Client.java:87)
	... 9 more elements truncated ...

11/14/2024 16:35:42 [Project.Client.Client] ([31mSEVERE[0m):
[34m>[0m Error in listentToInput()
java.lang.NullPointerException: Cannot invoke "java.io.ObjectOutputStream.writeObject(Object)" because "this.out" is null
	at Project.Client.Client.send(Client.java:321)
	at Project.Client.Client.sendClientName(Client.java:311)
	at Project.Client.Client.processClientCommand(Client.java:145)
	at Project.Client.Client.listenToInput(Client.java:375)
	at java.base/java.util.concurrent.CompletableFuture$AsyncRun.run(CompletableFuture.java:1804)
	at java.base/java.util.concurrent.CompletableFuture$AsyncRun.exec(CompletableFuture.java:1796)
	at java.base/java.util.concurrent.ForkJoinTask.doExec(ForkJoinTask.java:387)
	at java.base/java.util.concurrent.ForkJoinPool$WorkQueue.topLevelExec(ForkJoinPool.java:1312)
	at java.base/java.util.concurrent.ForkJoinPool.scan(ForkJoinPool.java:1843)
	at java.base/java.util.concurrent.ForkJoinPool.runWorker(ForkJoinPool.java:1808)
	... 1 more elements truncated ...

11/14/2024 16:35:42 [Project.Client.Client] ([32mINFO[0m):
[34m>[0m listenToInput thread stopped
11/14/2024 16:36:01 [Project.Client.Client] ([32mINFO[0m):
[34m>[0m Client Created
11/14/2024 16:36:01 [Project.Client.Client] ([32mINFO[0m):
[34m>[0m Client starting
11/14/2024 16:36:16 [Project.Client.Client] ([32mINFO[0m):
[34m>[0m Client connected
11/14/2024 16:36:16 [Project.Client.Client] ([32mINFO[0m):
[34m>[0m Received Payload: Payload[CLIENT_ID] Client Id [1] Message: [null] Client Name [Bob] Status [connect]
11/14/2024 16:36:16 [Project.Client.Client] ([32mINFO[0m):
[34m>[0m Received Payload: Payload[ROOM_JOIN] Client Id [1] Message: [lobby] Client Name [Bob] Status [connect]
11/14/2024 16:36:19 [Project.Client.Client] ([32mINFO[0m):
[34m>[0m Received Payload: Payload[MESSAGE] Client Id [-1] Message: [Bob rolled 1d6 and got 4]
11/14/2024 16:36:21 [Project.Client.Client] ([32mINFO[0m):
[34m>[0m Received Payload: Payload[MESSAGE] Client Id [-1] Message: [Bob rolled a 0]
11/14/2024 16:36:26 [Project.Client.Client] ([32mINFO[0m):
[34m>[0m Received Payload: Payload[MESSAGE] Client Id [-1] Message: [Bob rolled a 0]
11/14/2024 16:45:52 [Project.Client.Client] ([32mINFO[0m):
[34m>[0m Client Created
11/14/2024 16:45:52 [Project.Client.Client] ([32mINFO[0m):
[34m>[0m Client starting
11/14/2024 16:46:02 [Project.Client.Client] ([32mINFO[0m):
[34m>[0m Client connected
11/14/2024 16:46:02 [Project.Client.Client] ([32mINFO[0m):
[34m>[0m Received Payload: Payload[CLIENT_ID] Client Id [1] Message: [null] Client Name [Bob] Status [connect]
11/14/2024 16:46:02 [Project.Client.Client] ([32mINFO[0m):
[34m>[0m Received Payload: Payload[ROOM_JOIN] Client Id [1] Message: [lobby] Client Name [Bob] Status [connect]
11/14/2024 16:46:05 [Project.Client.Client] ([32mINFO[0m):
[34m>[0m Received Payload: Payload[MESSAGE] Client Id [-1] Message: [Bob rolled a 0]
11/14/2024 16:46:07 [Project.Client.Client] ([32mINFO[0m):
[34m>[0m Received Payload: Payload[MESSAGE] Client Id [-1] Message: [Bob rolled 1d6 and got 4]
11/14/2024 16:48:36 [Project.Client.Client] ([32mINFO[0m):
[34m>[0m Connection dropped
java.net.SocketException: Connection reset
	at java.base/sun.nio.ch.NioSocketImpl.implRead(NioSocketImpl.java:318)
	at java.base/sun.nio.ch.NioSocketImpl.read(NioSocketImpl.java:346)
	at java.base/sun.nio.ch.NioSocketImpl$1.read(NioSocketImpl.java:796)
	at java.base/java.net.Socket$SocketInputStream.read(Socket.java:1099)
	at java.base/java.net.Socket$SocketInputStream.read(Socket.java:1093)
	at java.base/java.io.ObjectInputStream$PeekInputStream.peek(ObjectInputStream.java:2893)
	at java.base/java.io.ObjectInputStream$BlockDataInputStream.peek(ObjectInputStream.java:3220)
	at java.base/java.io.ObjectInputStream$BlockDataInputStream.peekByte(ObjectInputStream.java:3230)
	at java.base/java.io.ObjectInputStream.readObject0(ObjectInputStream.java:1713)
	at java.base/java.io.ObjectInputStream.readObject(ObjectInputStream.java:540)
	... 9 more elements truncated ...

11/14/2024 16:48:36 [Project.Client.Client] ([32mINFO[0m):
[34m>[0m Closing output stream
11/14/2024 16:48:36 [Project.Client.Client] ([32mINFO[0m):
[34m>[0m Closing input stream
11/14/2024 16:48:36 [Project.Client.Client] ([32mINFO[0m):
[34m>[0m Closing connection
11/14/2024 16:48:36 [Project.Client.Client] ([32mINFO[0m):
[34m>[0m Closed socket
11/14/2024 16:48:36 [Project.Client.Client] ([32mINFO[0m):
[34m>[0m listenToServer thread stopped
11/14/2024 16:48:47 [Project.Client.Client] ([32mINFO[0m):
[34m>[0m Client Created
11/14/2024 16:48:47 [Project.Client.Client] ([32mINFO[0m):
[34m>[0m Client starting
11/14/2024 16:49:11 [Project.Client.Client] ([32mINFO[0m):
[34m>[0m Client connected
11/14/2024 16:49:11 [Project.Client.Client] ([32mINFO[0m):
[34m>[0m Received Payload: Payload[CLIENT_ID] Client Id [1] Message: [null] Client Name [Bob] Status [connect]
11/14/2024 16:49:11 [Project.Client.Client] ([32mINFO[0m):
[34m>[0m Received Payload: Payload[ROOM_JOIN] Client Id [1] Message: [lobby] Client Name [Bob] Status [connect]
11/14/2024 16:49:13 [Project.Client.Client] ([32mINFO[0m):
[34m>[0m Received Payload: Payload[MESSAGE] Client Id [-1] Message: [Bob rolled a 1-sided die and got 1]
11/14/2024 16:49:17 [Project.Client.Client] ([32mINFO[0m):
[34m>[0m Received Payload: Payload[MESSAGE] Client Id [-1] Message: [Bob rolled a 100-sided die and got 27]
11/14/2024 16:49:21 [Project.Client.Client] ([32mINFO[0m):
[34m>[0m Received Payload: Payload[MESSAGE] Client Id [-1] Message: [Bob rolled 1d6 and got 3]
11/14/2024 16:51:34 [Project.Client.Client] ([32mINFO[0m):
[34m>[0m Connection dropped
java.net.SocketException: Connection reset
	at java.base/sun.nio.ch.NioSocketImpl.implRead(NioSocketImpl.java:318)
	at java.base/sun.nio.ch.NioSocketImpl.read(NioSocketImpl.java:346)
	at java.base/sun.nio.ch.NioSocketImpl$1.read(NioSocketImpl.java:796)
	at java.base/java.net.Socket$SocketInputStream.read(Socket.java:1099)
	at java.base/java.net.Socket$SocketInputStream.read(Socket.java:1093)
	at java.base/java.io.ObjectInputStream$PeekInputStream.peek(ObjectInputStream.java:2893)
	at java.base/java.io.ObjectInputStream$BlockDataInputStream.peek(ObjectInputStream.java:3220)
	at java.base/java.io.ObjectInputStream$BlockDataInputStream.peekByte(ObjectInputStream.java:3230)
	at java.base/java.io.ObjectInputStream.readObject0(ObjectInputStream.java:1713)
	at java.base/java.io.ObjectInputStream.readObject(ObjectInputStream.java:540)
	... 9 more elements truncated ...

11/14/2024 16:51:34 [Project.Client.Client] ([32mINFO[0m):
[34m>[0m Closing output stream
11/14/2024 16:51:34 [Project.Client.Client] ([32mINFO[0m):
[34m>[0m Closing input stream
11/14/2024 16:51:34 [Project.Client.Client] ([32mINFO[0m):
[34m>[0m Closing connection
11/14/2024 16:51:34 [Project.Client.Client] ([32mINFO[0m):
[34m>[0m Closed socket
11/14/2024 16:51:34 [Project.Client.Client] ([32mINFO[0m):
[34m>[0m listenToServer thread stopped
11/14/2024 16:51:38 [Project.Client.Client] ([32mINFO[0m):
[34m>[0m Client Created
11/14/2024 16:51:38 [Project.Client.Client] ([32mINFO[0m):
[34m>[0m Client starting
11/14/2024 16:51:48 [Project.Client.Client] ([32mINFO[0m):
[34m>[0m Client connected
11/14/2024 16:51:48 [Project.Client.Client] ([32mINFO[0m):
[34m>[0m Received Payload: Payload[CLIENT_ID] Client Id [1] Message: [null] Client Name [Bob] Status [connect]
11/14/2024 16:51:48 [Project.Client.Client] ([32mINFO[0m):
[34m>[0m Received Payload: Payload[ROOM_JOIN] Client Id [1] Message: [lobby] Client Name [Bob] Status [connect]
11/14/2024 16:51:50 [Project.Client.Client] ([32mINFO[0m):
[34m>[0m Received Payload: Payload[MESSAGE] Client Id [-1] Message: [Bob rolled 1d5 and got 1]
11/14/2024 16:51:52 [Project.Client.Client] ([32mINFO[0m):
[34m>[0m Received Payload: Payload[MESSAGE] Client Id [-1] Message: [Bob rolled 1d5 and got 3]
11/14/2024 16:51:54 [Project.Client.Client] ([32mINFO[0m):
[34m>[0m Received Payload: Payload[MESSAGE] Client Id [-1] Message: [Bob rolled a 100-sided die and got 87]
11/14/2024 17:37:52 [Project.Client.Client] ([32mINFO[0m):
[34m>[0m Client Created
11/14/2024 17:37:52 [Project.Client.Client] ([32mINFO[0m):
[34m>[0m Client starting
11/14/2024 17:37:57 [Project.Client.Client] ([31mSEVERE[0m):
[34m>[0m IOException
java.net.ConnectException: Connection refused: connect
	at java.base/sun.nio.ch.Net.connect0(Native Method)
	at java.base/sun.nio.ch.Net.connect(Net.java:589)
	at java.base/sun.nio.ch.Net.connect(Net.java:578)
	at java.base/sun.nio.ch.NioSocketImpl.connect(NioSocketImpl.java:583)
	at java.base/java.net.SocksSocketImpl.connect(SocksSocketImpl.java:327)
	at java.base/java.net.Socket.connect(Socket.java:751)
	at java.base/java.net.Socket.connect(Socket.java:686)
	at java.base/java.net.Socket.<init>(Socket.java:555)
	at java.base/java.net.Socket.<init>(Socket.java:324)
	at Project.Client.Client.connect(Client.java:87)
	... 9 more elements truncated ...

11/14/2024 17:37:57 [Project.Client.Client] ([31mSEVERE[0m):
[34m>[0m Error in listentToInput()
java.lang.NullPointerException: Cannot invoke "java.io.ObjectOutputStream.writeObject(Object)" because "this.out" is null
	at Project.Client.Client.send(Client.java:317)
	at Project.Client.Client.sendClientName(Client.java:307)
	at Project.Client.Client.processClientCommand(Client.java:145)
	at Project.Client.Client.listenToInput(Client.java:371)
	at java.base/java.util.concurrent.CompletableFuture$AsyncRun.run(CompletableFuture.java:1804)
	at java.base/java.util.concurrent.CompletableFuture$AsyncRun.exec(CompletableFuture.java:1796)
	at java.base/java.util.concurrent.ForkJoinTask.doExec(ForkJoinTask.java:387)
	at java.base/java.util.concurrent.ForkJoinPool$WorkQueue.topLevelExec(ForkJoinPool.java:1312)
	at java.base/java.util.concurrent.ForkJoinPool.scan(ForkJoinPool.java:1843)
	at java.base/java.util.concurrent.ForkJoinPool.runWorker(ForkJoinPool.java:1808)
	... 1 more elements truncated ...

11/14/2024 17:37:57 [Project.Client.Client] ([32mINFO[0m):
[34m>[0m listenToInput thread stopped
11/14/2024 17:38:07 [Project.Client.Client] ([32mINFO[0m):
[34m>[0m Client Created
11/14/2024 17:38:07 [Project.Client.Client] ([32mINFO[0m):
[34m>[0m Client starting
11/14/2024 17:38:19 [Project.Client.Client] ([32mINFO[0m):
[34m>[0m Client connected
11/14/2024 17:38:19 [Project.Client.Client] ([32mINFO[0m):
[34m>[0m Received Payload: Payload[CLIENT_ID] Client Id [1] Message: [null] Client Name [bob] Status [connect]
11/14/2024 17:38:19 [Project.Client.Client] ([32mINFO[0m):
[34m>[0m Received Payload: Payload[ROOM_JOIN] Client Id [1] Message: [lobby] Client Name [bob] Status [connect]
11/14/2024 17:38:29 [Project.Client.Client] ([32mINFO[0m):
[34m>[0m Received Payload: Payload[MESSAGE] Client Id [1] Message: [<b>hello</b>]
11/14/2024 17:38:42 [Project.Client.Client] ([32mINFO[0m):
[34m>[0m Received Payload: Payload[MESSAGE] Client Id [1] Message: [#rhello]
11/14/2024 17:38:59 [Project.Client.Client] ([32mINFO[0m):
[34m>[0m Received Payload: Payload[MESSAGE] Client Id [1] Message: [#r bob #r]
11/14/2024 17:39:14 [Project.Client.Client] ([32mINFO[0m):
[34m>[0m Received Payload: Payload[MESSAGE] Client Id [1] Message: [ <red> red </red>]
11/14/2024 17:39:26 [Project.Client.Client] ([32mINFO[0m):
[34m>[0m Received Payload: Payload[MESSAGE] Client Id [1] Message: [This is <b>bold</b> and <i>italic</i> along with <u>underlined</u> with colored text such as <red> red </red>, <blue> blue </blue>, and <green> green </green> and must support a combination of all formats + color like <b><u><i><red> this is bold, underline, italic, and red </red></i></u></b>.]
11/14/2024 17:40:59 [Project.Client.Client] ([32mINFO[0m):
[34m>[0m Received Payload: Payload[MESSAGE] Client Id [1] Message: [this is <i></i>bold and not bold]
11/14/2024 17:50:54 [Project.Client.Client] ([32mINFO[0m):
[34m>[0m Received Payload: Payload[MESSAGE] Client Id [-1] Message: [bob rolled 2d5 and got 7]
11/14/2024 17:50:56 [Project.Client.Client] ([32mINFO[0m):
[34m>[0m Received Payload: Payload[MESSAGE] Client Id [-1] Message: [bob rolled a 100 and got 87]
11/14/2024 18:02:28 [Project.Client.Client] ([32mINFO[0m):
[34m>[0m Received Payload: Payload[MESSAGE] Client Id [-1] Message: [Heads]
11/14/2024 23:21:29 [Project.Client.Client] ([32mINFO[0m):
[34m>[0m Client Created
11/14/2024 23:21:30 [Project.Client.Client] ([32mINFO[0m):
[34m>[0m Client starting
11/14/2024 23:22:20 [Project.Client.Client] ([32mINFO[0m):
[34m>[0m Client connected
11/14/2024 23:22:20 [Project.Client.Client] ([32mINFO[0m):
[34m>[0m Received Payload: Payload[CLIENT_ID] Client Id [1] Message: [null] Client Name [bob] Status [connect]
11/14/2024 23:22:20 [Project.Client.Client] ([32mINFO[0m):
[34m>[0m Received Payload: Payload[ROOM_JOIN] Client Id [1] Message: [lobby] Client Name [bob] Status [connect]
11/14/2024 23:23:06 [Project.Client.Client] ([32mINFO[0m):
[34m>[0m Received Payload: Payload[MESSAGE] Client Id [1] Message: [This is <b>bold</b> and <i>italic</i> along with <u>underlined</u> with colored text such as <red> red </red>, <blue> blue </blue>, and <green> green </green> and must support a combination of all formats + color like <b><u><i><red> this is bold, underline, italic, and red </red></i></u></b>.]
11/14/2024 23:23:53 [Project.Client.Client] ([32mINFO[0m):
[34m>[0m Received Payload: Payload[MESSAGE] Client Id [1] Message: [git add .]
