12/09/2024 13:42:30 [Project.Client.Client] ([32mINFO[0m):
[34m>[0m Client Created
12/09/2024 13:42:30 [Project.Client.Client] ([32mINFO[0m):
[34m>[0m Client starting
12/09/2024 13:42:32 [Project.Client.Client] ([31mSEVERE[0m):
[34m>[0m You shouldn't be using terminal input for Milestone 3. Interaction should be done through the UI
12/09/2024 13:43:05 [Project.Client.Client] ([31mSEVERE[0m):
[34m>[0m You shouldn't be using terminal input for Milestone 3. Interaction should be done through the UI
12/09/2024 13:43:11 [Project.Client.Client] ([31mSEVERE[0m):
[34m>[0m You shouldn't be using terminal input for Milestone 3. Interaction should be done through the UI
12/09/2024 13:43:11 [Project.Client.Client] ([32mINFO[0m):
[34m>[0m Client connected
12/09/2024 13:43:12 [Project.Client.Client] ([32mINFO[0m):
[34m>[0m Received Payload: Payload[CLIENT_ID] Client Id [2] Message: [null] Client Name [bob] Status [connect]
12/09/2024 13:43:12 [Project.Client.Client] ([31mSEVERE[0m):
[34m>[0m Could not process Payload: Payload[CLIENT_ID] Client Id [2] Message: [null] Client Name [bob] Status [connect]
	at Project.Client.Client.processClientData(Client.java:588)
	at Project.Client.Client.processPayload(Client.java:508)
	at Project.Client.Client.listenToServer(Client.java:401)
	at java.base/java.util.concurrent.CompletableFuture$AsyncRun.run(CompletableFuture.java:1804)
	at java.base/java.util.concurrent.CompletableFuture$AsyncRun.exec(CompletableFuture.java:1796)
	at java.base/java.util.concurrent.ForkJoinTask.doExec(ForkJoinTask.java:387)
	at java.base/java.util.concurrent.ForkJoinPool$WorkQueue.topLevelExec(ForkJoinPool.java:1312)
	at java.base/java.util.concurrent.ForkJoinPool.scan(ForkJoinPool.java:1843)
	at java.base/java.util.concurrent.ForkJoinPool.runWorker(ForkJoinPool.java:1808)
	at java.base/java.util.concurrent.ForkJoinWorkerThread.run(ForkJoinWorkerThread.java:188)

12/09/2024 13:43:12 [Project.Client.Client] ([32mINFO[0m):
[34m>[0m Received Payload: Payload[ROOM_JOIN] Client Id [2] Message: [lobby] Client Name [bob] Status [connect]
12/09/2024 13:43:12 [Project.Client.Client] ([31mSEVERE[0m):
[34m>[0m Could not process Payload: Payload[ROOM_JOIN] Client Id [2] Message: [lobby] Client Name [bob] Status [connect]
	at Project.Client.Client.processRoomAction(Client.java:623)
	at Project.Client.Client.processPayload(Client.java:521)
	at Project.Client.Client.listenToServer(Client.java:401)
	at java.base/java.util.concurrent.CompletableFuture$AsyncRun.run(CompletableFuture.java:1804)
	at java.base/java.util.concurrent.CompletableFuture$AsyncRun.exec(CompletableFuture.java:1796)
	at java.base/java.util.concurrent.ForkJoinTask.doExec(ForkJoinTask.java:387)
	at java.base/java.util.concurrent.ForkJoinPool$WorkQueue.topLevelExec(ForkJoinPool.java:1312)
	at java.base/java.util.concurrent.ForkJoinPool.scan(ForkJoinPool.java:1843)
	at java.base/java.util.concurrent.ForkJoinPool.runWorker(ForkJoinPool.java:1808)
	at java.base/java.util.concurrent.ForkJoinWorkerThread.run(ForkJoinWorkerThread.java:188)

12/09/2024 13:43:12 [Project.Client.Client] ([32mINFO[0m):
[34m>[0m Received Payload: Payload[SYNC_CLIENT] Client Id [1] Message: [null] Client Name [bob] Status [connect]
12/09/2024 13:43:12 [Project.Client.Client] ([31mSEVERE[0m):
[34m>[0m Could not process Payload: Payload[SYNC_CLIENT] Client Id [1] Message: [null] Client Name [bob] Status [connect]
	at Project.Client.Client.processClientSync(Client.java:608)
	at Project.Client.Client.processPayload(Client.java:512)
	at Project.Client.Client.listenToServer(Client.java:401)
	at java.base/java.util.concurrent.CompletableFuture$AsyncRun.run(CompletableFuture.java:1804)
	at java.base/java.util.concurrent.CompletableFuture$AsyncRun.exec(CompletableFuture.java:1796)
	at java.base/java.util.concurrent.ForkJoinTask.doExec(ForkJoinTask.java:387)
	at java.base/java.util.concurrent.ForkJoinPool$WorkQueue.topLevelExec(ForkJoinPool.java:1312)
	at java.base/java.util.concurrent.ForkJoinPool.scan(ForkJoinPool.java:1843)
	at java.base/java.util.concurrent.ForkJoinPool.runWorker(ForkJoinPool.java:1808)
	at java.base/java.util.concurrent.ForkJoinWorkerThread.run(ForkJoinWorkerThread.java:188)

12/09/2024 13:43:19 [Project.Client.Client] ([32mINFO[0m):
[34m>[0m Received Payload: Payload[MESSAGE] Client Id [1] Message: [fsdf]
12/09/2024 13:43:19 [Project.Client.Client] ([31mSEVERE[0m):
[34m>[0m Could not process Payload: Payload[MESSAGE] Client Id [1] Message: [fsdf]
	at Project.Client.Client.processMessage(Client.java:597)
	at Project.Client.Client.processPayload(Client.java:528)
	at Project.Client.Client.listenToServer(Client.java:401)
	at java.base/java.util.concurrent.CompletableFuture$AsyncRun.run(CompletableFuture.java:1804)
	at java.base/java.util.concurrent.CompletableFuture$AsyncRun.exec(CompletableFuture.java:1796)
	at java.base/java.util.concurrent.ForkJoinTask.doExec(ForkJoinTask.java:387)
	at java.base/java.util.concurrent.ForkJoinPool$WorkQueue.topLevelExec(ForkJoinPool.java:1312)
	at java.base/java.util.concurrent.ForkJoinPool.scan(ForkJoinPool.java:1843)
	at java.base/java.util.concurrent.ForkJoinPool.runWorker(ForkJoinPool.java:1808)
	at java.base/java.util.concurrent.ForkJoinWorkerThread.run(ForkJoinWorkerThread.java:188)

12/09/2024 13:43:31 [Project.Client.Client] ([31mSEVERE[0m):
[34m>[0m You shouldn't be using terminal input for Milestone 3. Interaction should be done through the UI
12/09/2024 13:43:31 [Project.Client.Client] ([32mINFO[0m):
[34m>[0m Received Payload: Payload[MESSAGE] Client Id [2] Message: [./run.sh Project UI]
12/09/2024 13:43:31 [Project.Client.Client] ([31mSEVERE[0m):
[34m>[0m Could not process Payload: Payload[MESSAGE] Client Id [2] Message: [./run.sh Project UI]
	at Project.Client.Client.processMessage(Client.java:597)
	at Project.Client.Client.processPayload(Client.java:528)
	at Project.Client.Client.listenToServer(Client.java:401)
	at java.base/java.util.concurrent.CompletableFuture$AsyncRun.run(CompletableFuture.java:1804)
	at java.base/java.util.concurrent.CompletableFuture$AsyncRun.exec(CompletableFuture.java:1796)
	at java.base/java.util.concurrent.ForkJoinTask.doExec(ForkJoinTask.java:387)
	at java.base/java.util.concurrent.ForkJoinPool$WorkQueue.topLevelExec(ForkJoinPool.java:1312)
	at java.base/java.util.concurrent.ForkJoinPool.scan(ForkJoinPool.java:1843)
	at java.base/java.util.concurrent.ForkJoinPool.runWorker(ForkJoinPool.java:1808)
	at java.base/java.util.concurrent.ForkJoinWorkerThread.run(ForkJoinWorkerThread.java:188)

12/09/2024 13:44:02 [Project.Client.Client] ([32mINFO[0m):
[34m>[0m Client Created
12/09/2024 13:44:02 [Project.Client.ClientUI] ([34mFINE[0m):
[34m>[0m Current panel: USER_INFO
12/09/2024 13:44:05 [Project.Client.Views.UserDetailsPanel] ([32mINFO[0m):
[34m>[0m Chosen username: steve
12/09/2024 13:44:05 [Project.Client.Client] ([32mINFO[0m):
[34m>[0m Client connected
12/09/2024 13:44:05 [Project.Client.Client] ([32mINFO[0m):
[34m>[0m Received Payload: Payload[CLIENT_ID] Client Id [3] Message: [null] Client Name [steve] Status [connect]
12/09/2024 13:44:05 [Project.Client.ClientUI] ([34mFINE[0m):
[34m>[0m Current panel: CHAT
12/09/2024 13:44:05 [Project.Client.Client] ([32mINFO[0m):
[34m>[0m Received Payload: Payload[ROOM_JOIN] Client Id [3] Message: [lobby] Client Name [steve] Status [connect]
12/09/2024 13:44:05 [Project.Client.ClientUI] ([32mINFO[0m):
[34m>[0m Current card: CHAT
12/09/2024 13:44:05 [Project.Client.Client] ([32mINFO[0m):
[34m>[0m Received Payload: Payload[SYNC_CLIENT] Client Id [1] Message: [null] Client Name [bob] Status [connect]
12/09/2024 13:44:05 [Project.Client.Client] ([32mINFO[0m):
[34m>[0m Received Payload: Payload[SYNC_CLIENT] Client Id [2] Message: [null] Client Name [bob] Status [connect]
12/09/2024 13:44:05 [Project.Client.Views.UserListPanel] ([32mINFO[0m):
[34m>[0m Adding user to list: steve (3)
12/09/2024 13:44:05 [Project.Client.Views.UserListPanel] ([32mINFO[0m):
[34m>[0m Adding user to list: bob (1)
12/09/2024 13:44:05 [Project.Client.Views.UserListPanel] ([32mINFO[0m):
[34m>[0m Adding user to list: bob (2)
12/09/2024 13:44:41 [Project.Client.Client] ([32mINFO[0m):
[34m>[0m Received Payload: Payload[MESSAGE] Client Id [1] Message: [This is <b>bold</b> and <i>italic</i> along with <u>underlined</u> with colored text such as <red> red </red>, <blue> blue </blue>, and <green> green </green> and must support a combination of all formats + color like <b><u><i><red> this is bold, underline, italic, and red </red></i></u></b>.]
12/09/2024 14:01:06 [Project.Client.Client] ([32mINFO[0m):
[34m>[0m Client Created
12/09/2024 14:01:06 [Project.Client.ClientUI] ([34mFINE[0m):
[34m>[0m Current panel: USER_INFO
12/09/2024 14:01:10 [Project.Client.Views.UserDetailsPanel] ([32mINFO[0m):
[34m>[0m Chosen username: bob
12/09/2024 14:01:10 [Project.Client.Client] ([32mINFO[0m):
[34m>[0m Client connected
12/09/2024 14:01:10 [Project.Client.Client] ([32mINFO[0m):
[34m>[0m Received Payload: Payload[CLIENT_ID] Client Id [4] Message: [null] Client Name [bob] Status [connect]
12/09/2024 14:01:10 [Project.Client.ClientUI] ([34mFINE[0m):
[34m>[0m Current panel: CHAT
12/09/2024 14:01:10 [Project.Client.Client] ([32mINFO[0m):
[34m>[0m Received Payload: Payload[ROOM_JOIN] Client Id [4] Message: [lobby] Client Name [bob] Status [connect]
12/09/2024 14:01:10 [Project.Client.ClientUI] ([32mINFO[0m):
[34m>[0m Current card: CHAT
12/09/2024 14:01:10 [Project.Client.Client] ([32mINFO[0m):
[34m>[0m Received Payload: Payload[SYNC_CLIENT] Client Id [2] Message: [null] Client Name [bob] Status [connect]
12/09/2024 14:01:10 [Project.Client.Views.UserListPanel] ([32mINFO[0m):
[34m>[0m Adding user to list: bob (4)
12/09/2024 14:01:10 [Project.Client.Views.UserListPanel] ([32mINFO[0m):
[34m>[0m Adding user to list: bob (2)
12/09/2024 14:01:25 [Project.Client.Client] ([32mINFO[0m):
[34m>[0m Received Payload: Payload[MESSAGE] Client Id [4] Message: [This is <b>bold</b> and <i>italic</i> along with <u>underlined</u> with colored text such as <red> red </red>, <blue> blue </blue>, and <green> green </green> and must support a combination of all formats + color like <b><u><i><red> this is bold, underline, italic, and red </red></i></u></b>.]
12/09/2024 14:05:15 [Project.Client.Client] ([32mINFO[0m):
[34m>[0m Client Created
12/09/2024 14:05:15 [Project.Client.ClientUI] ([34mFINE[0m):
[34m>[0m Current panel: USER_INFO
12/09/2024 14:05:18 [Project.Client.Views.UserDetailsPanel] ([32mINFO[0m):
[34m>[0m Chosen username: bob
12/09/2024 14:05:18 [Project.Client.Client] ([32mINFO[0m):
[34m>[0m Client connected
12/09/2024 14:05:18 [Project.Client.Client] ([32mINFO[0m):
[34m>[0m Received Payload: Payload[CLIENT_ID] Client Id [5] Message: [null] Client Name [bob] Status [connect]
12/09/2024 14:05:18 [Project.Client.ClientUI] ([34mFINE[0m):
[34m>[0m Current panel: CHAT
12/09/2024 14:05:18 [Project.Client.Client] ([32mINFO[0m):
[34m>[0m Received Payload: Payload[ROOM_JOIN] Client Id [5] Message: [lobby] Client Name [bob] Status [connect]
12/09/2024 14:05:18 [Project.Client.ClientUI] ([32mINFO[0m):
[34m>[0m Current card: CHAT
12/09/2024 14:05:18 [Project.Client.Client] ([32mINFO[0m):
[34m>[0m Received Payload: Payload[SYNC_CLIENT] Client Id [2] Message: [null] Client Name [bob] Status [connect]
12/09/2024 14:05:18 [Project.Client.Client] ([32mINFO[0m):
[34m>[0m Received Payload: Payload[SYNC_CLIENT] Client Id [4] Message: [null] Client Name [bob] Status [connect]
12/09/2024 14:05:18 [Project.Client.Views.UserListPanel] ([32mINFO[0m):
[34m>[0m Adding user to list: bob (5)
12/09/2024 14:05:18 [Project.Client.Views.UserListPanel] ([32mINFO[0m):
[34m>[0m Adding user to list: bob (2)
12/09/2024 14:05:18 [Project.Client.Views.UserListPanel] ([32mINFO[0m):
[34m>[0m Adding user to list: bob (4)
12/09/2024 14:05:29 [Project.Client.Client] ([32mINFO[0m):
[34m>[0m Received Payload: Payload[MESSAGE] Client Id [5] Message: [This is <b>bold</b> and <i>italic</i> along with <u>underlined</u> with colored text such as <red> red </red>, <blue> blue </blue>, and <green> green </green> and must support a combination of all formats + color like <b><u><i><red> this is bold, underline, italic, and red </red></i></u></b>.]
12/09/2024 14:08:22 [Project.Client.Client] ([32mINFO[0m):
[34m>[0m Client Created
12/09/2024 14:08:22 [Project.Client.ClientUI] ([34mFINE[0m):
[34m>[0m Current panel: USER_INFO
12/09/2024 14:08:25 [Project.Client.Views.UserDetailsPanel] ([32mINFO[0m):
[34m>[0m Chosen username: bob
12/09/2024 14:08:25 [Project.Client.Client] ([32mINFO[0m):
[34m>[0m Client connected
12/09/2024 14:08:26 [Project.Client.Client] ([32mINFO[0m):
[34m>[0m Received Payload: Payload[CLIENT_ID] Client Id [1] Message: [null] Client Name [bob] Status [connect]
12/09/2024 14:08:26 [Project.Client.ClientUI] ([34mFINE[0m):
[34m>[0m Current panel: CHAT
12/09/2024 14:08:26 [Project.Client.Client] ([32mINFO[0m):
[34m>[0m Received Payload: Payload[ROOM_JOIN] Client Id [1] Message: [lobby] Client Name [bob] Status [connect]
12/09/2024 14:08:26 [Project.Client.ClientUI] ([32mINFO[0m):
[34m>[0m Current card: CHAT
12/09/2024 14:08:26 [Project.Client.Views.UserListPanel] ([32mINFO[0m):
[34m>[0m Adding user to list: bob (1)
12/09/2024 14:08:35 [Project.Client.Client] ([32mINFO[0m):
[34m>[0m Received Payload: Payload[MESSAGE] Client Id [1] Message: [This is <b>bold</b> and <i>italic</i> along with <u>underlined</u> with colored text such as <font color='#FF0000'> red </font>, <font color='#0000FF'> blue </font>, and <font color='#008000'> green </font> and must support a combination of all formats + color like <b><u><i><font color='#FF0000'> this is bold, underline, italic, and red </font></i></u></b>.]
12/09/2024 14:08:48 [Project.Client.Client] ([32mINFO[0m):
[34m>[0m Received Payload: Payload[MESSAGE] Client Id [1] Message: [fsdf]
