12/09/2024 13:41:30 [Project.Server.Server] ([32mINFO[0m):
[34m>[0m Server Starting
12/09/2024 13:41:30 [Project.Server.Server] ([32mINFO[0m):
[34m>[0m Listening on port 3000
12/09/2024 13:41:30 [Project.Server.Room] ([32mINFO[0m):
[34m>[0m Room[lobby]: created
12/09/2024 13:41:30 [Project.Server.Server] ([32mINFO[0m):
[34m>[0m Created new Room lobby
12/09/2024 13:41:30 [Project.Server.Server] ([32mINFO[0m):
[34m>[0m Waiting for next client
12/09/2024 13:42:56 [Project.Server.Server] ([32mINFO[0m):
[34m>[0m Client connected
12/09/2024 13:42:56 [Project.Server.ServerThread] ([32mINFO[0m):
[34m>[0m ServerThread[null(0)]: ServerThread created
12/09/2024 13:42:56 [Project.Server.Server] ([32mINFO[0m):
[34m>[0m Waiting for next client
12/09/2024 13:42:56 [Project.Server.ServerThread] ([32mINFO[0m):
[34m>[0m ServerThread[null(-1)]: Thread starting
12/09/2024 13:42:56 [Project.Server.ServerThread] ([32mINFO[0m):
[34m>[0m ServerThread[null(-1)]: Received from my client: Payload[CLIENT_CONNECT] Client Id [0] Message: [null] Client Name [bob] Status [disconnect]
12/09/2024 13:42:56 [Project.Server.Server] ([32mINFO[0m):
[34m>[0m Server: *bob[1] initialized*
12/09/2024 13:42:56 [Project.Server.Room] ([32mINFO[0m):
[34m>[0m Room[lobby]: sending room status to 1 recipients
12/09/2024 13:42:56 [Project.Server.Room] ([32mINFO[0m):
[34m>[0m Room[lobby]: bob[1] joined the Room[lobby]
12/09/2024 13:43:11 [Project.Server.Server] ([32mINFO[0m):
[34m>[0m Client connected
12/09/2024 13:43:11 [Project.Server.ServerThread] ([32mINFO[0m):
[34m>[0m ServerThread[null(0)]: ServerThread created
12/09/2024 13:43:11 [Project.Server.Server] ([32mINFO[0m):
[34m>[0m Waiting for next client
12/09/2024 13:43:11 [Project.Server.ServerThread] ([32mINFO[0m):
[34m>[0m ServerThread[null(-1)]: Thread starting
12/09/2024 13:43:12 [Project.Server.ServerThread] ([32mINFO[0m):
[34m>[0m ServerThread[null(-1)]: Received from my client: Payload[CLIENT_CONNECT] Client Id [0] Message: [null] Client Name [bob] Status [disconnect]
12/09/2024 13:43:12 [Project.Server.Server] ([32mINFO[0m):
[34m>[0m Server: *bob[2] initialized*
12/09/2024 13:43:12 [Project.Server.Room] ([32mINFO[0m):
[34m>[0m Room[lobby]: sending room status to 2 recipients
12/09/2024 13:43:12 [Project.Server.Room] ([32mINFO[0m):
[34m>[0m Room[lobby]: bob[2] joined the Room[lobby]
12/09/2024 13:43:19 [Project.Server.ServerThread] ([32mINFO[0m):
[34m>[0m ServerThread[bob(1)]: Received from my client: Payload[MESSAGE] Client Id [0] Message: [fsdf]
12/09/2024 13:43:19 [Project.Server.Room] ([32mINFO[0m):
[34m>[0m Room[lobby]: sending message to 2 recipients: fsdf
12/09/2024 13:43:31 [Project.Server.ServerThread] ([32mINFO[0m):
[34m>[0m ServerThread[bob(2)]: Received from my client: Payload[MESSAGE] Client Id [0] Message: [./run.sh Project UI]
12/09/2024 13:43:31 [Project.Server.Room] ([32mINFO[0m):
[34m>[0m Room[lobby]: sending message to 2 recipients: ./run.sh Project UI
12/09/2024 13:43:33 [Project.Server.BaseServerThread] ([31mSEVERE[0m):
[34m>[0m IO exception while reading from client
	at java.base/sun.nio.ch.NioSocketImpl.implRead(NioSocketImpl.java:318)
	at java.base/sun.nio.ch.NioSocketImpl.read(NioSocketImpl.java:345)
	at java.base/sun.nio.ch.NioSocketImpl$1.read(NioSocketImpl.java:794)
	at java.base/java.net.Socket$SocketInputStream.read(Socket.java:1025)
	at java.base/java.net.Socket$SocketInputStream.read(Socket.java:1019)
	at java.base/java.io.ObjectInputStream$PeekInputStream.peek(ObjectInputStream.java:2889)
	at java.base/java.io.ObjectInputStream$BlockDataInputStream.peek(ObjectInputStream.java:3216)
	at java.base/java.io.ObjectInputStream$BlockDataInputStream.peekByte(ObjectInputStream.java:3226)
	at java.base/java.io.ObjectInputStream.readObject0(ObjectInputStream.java:1711)
	at java.base/java.io.ObjectInputStream.readObject(ObjectInputStream.java:538)
	at java.base/java.io.ObjectInputStream.readObject(ObjectInputStream.java:496)
	at Project.Server.BaseServerThread.run(BaseServerThread.java:88)

12/09/2024 13:43:33 [Project.Server.ServerThread] ([32mINFO[0m):
[34m>[0m ServerThread[bob(2)]: Exited thread loop. Cleaning up connection
12/09/2024 13:43:33 [Project.Server.ServerThread] ([32mINFO[0m):
[34m>[0m ServerThread[bob(2)]: ServerThread cleanup() start
12/09/2024 13:43:33 [Project.Server.ServerThread] ([32mINFO[0m):
[34m>[0m ServerThread[bob(2)]: ServerThread cleanup() end
12/09/2024 13:43:41 [Project.Server.ServerThread] ([32mINFO[0m):
[34m>[0m ServerThread[bob(1)]: Received from my client: Payload[MESSAGE] Client Id [0] Message: [awdad]
12/09/2024 13:43:41 [Project.Server.Room] ([32mINFO[0m):
[34m>[0m Room[lobby]: sending message to 2 recipients: awdad
12/09/2024 13:43:43 [Project.Server.ServerThread] ([32mINFO[0m):
[34m>[0m ServerThread[bob(1)]: Received from my client: Payload[MESSAGE] Client Id [0] Message: [dwad]
12/09/2024 13:43:43 [Project.Server.Room] ([32mINFO[0m):
[34m>[0m Room[lobby]: sending message to 2 recipients: dwad
12/09/2024 13:43:47 [Project.Server.ServerThread] ([32mINFO[0m):
[34m>[0m ServerThread[bob(1)]: Received from my client: Payload[MESSAGE] Client Id [0] Message: [dwad]
12/09/2024 13:43:47 [Project.Server.Room] ([32mINFO[0m):
[34m>[0m Room[lobby]: sending message to 2 recipients: dwad
12/09/2024 13:44:05 [Project.Server.Server] ([32mINFO[0m):
[34m>[0m Client connected
12/09/2024 13:44:05 [Project.Server.ServerThread] ([32mINFO[0m):
[34m>[0m ServerThread[null(0)]: ServerThread created
12/09/2024 13:44:05 [Project.Server.Server] ([32mINFO[0m):
[34m>[0m Waiting for next client
12/09/2024 13:44:05 [Project.Server.ServerThread] ([32mINFO[0m):
[34m>[0m ServerThread[null(-1)]: Thread starting
12/09/2024 13:44:05 [Project.Server.ServerThread] ([32mINFO[0m):
[34m>[0m ServerThread[null(-1)]: Received from my client: Payload[CLIENT_CONNECT] Client Id [0] Message: [null] Client Name [steve] Status [disconnect]
12/09/2024 13:44:05 [Project.Server.Server] ([32mINFO[0m):
[34m>[0m Server: *steve[3] initialized*
12/09/2024 13:44:05 [Project.Server.Room] ([32mINFO[0m):
[34m>[0m Room[lobby]: sending room status to 3 recipients
12/09/2024 13:44:05 [Project.Server.Room] ([32mINFO[0m):
[34m>[0m Room[lobby]: steve[3] joined the Room[lobby]
12/09/2024 13:44:41 [Project.Server.ServerThread] ([32mINFO[0m):
[34m>[0m ServerThread[bob(1)]: Received from my client: Payload[MESSAGE] Client Id [0] Message: [This is **bold** and *italic* along with _underlined_ with colored text such as #r red r#, #b blue b#, and #g green g# and must support a combination of all formats + color like **_*#r this is bold, underline, italic, and red r#*_**.]
12/09/2024 13:44:41 [Project.Server.Room] ([32mINFO[0m):
[34m>[0m Room[lobby]: sending message to 3 recipients: This is <b>bold</b> and <i>italic</i> along with <u>underlined</u> with colored text such as <red> red </red>, <blue> blue </blue>, and <green> green </green> and must support a combination of all formats + color like <b><u><i><red> this is bold, underline, italic, and red </red></i></u></b>.
12/09/2024 13:46:07 [Project.Server.Server] ([32mINFO[0m):
[34m>[0m Client connected
12/09/2024 13:46:07 [Project.Server.ServerThread] ([32mINFO[0m):
[34m>[0m ServerThread[null(0)]: ServerThread created
12/09/2024 13:46:07 [Project.Server.Server] ([32mINFO[0m):
[34m>[0m Waiting for next client
12/09/2024 13:46:07 [Project.Server.ServerThread] ([32mINFO[0m):
[34m>[0m ServerThread[null(-1)]: Thread starting
12/09/2024 13:46:07 [Project.Server.BaseServerThread] ([31mSEVERE[0m):
[34m>[0m General Exception: 
	at java.base/java.io.ObjectInputStream.readStreamHeader(ObjectInputStream.java:987)
	at java.base/java.io.ObjectInputStream.<init>(ObjectInputStream.java:414)
	at Project.Server.BaseServerThread.run(BaseServerThread.java:76)

12/09/2024 13:46:07 [Project.Server.Server] ([32mINFO[0m):
[34m>[0m Client connected
12/09/2024 13:46:07 [Project.Server.ServerThread] ([32mINFO[0m):
[34m>[0m ServerThread[null(-1)]: My Client disconnected
12/09/2024 13:46:07 [Project.Server.ServerThread] ([32mINFO[0m):
[34m>[0m ServerThread[null(0)]: ServerThread created
12/09/2024 13:46:07 [Project.Server.ServerThread] ([32mINFO[0m):
[34m>[0m ServerThread[null(-1)]: Exited thread loop. Cleaning up connection
12/09/2024 13:46:07 [Project.Server.Server] ([32mINFO[0m):
[34m>[0m Waiting for next client
12/09/2024 13:46:07 [Project.Server.ServerThread] ([32mINFO[0m):
[34m>[0m ServerThread[null(-1)]: Thread starting
12/09/2024 13:46:07 [Project.Server.ServerThread] ([32mINFO[0m):
[34m>[0m ServerThread[null(-1)]: ServerThread cleanup() start
12/09/2024 13:46:07 [Project.Server.ServerThread] ([32mINFO[0m):
[34m>[0m ServerThread[null(-1)]: ServerThread cleanup() end
12/09/2024 13:46:07 [Project.Server.BaseServerThread] ([31mSEVERE[0m):
[34m>[0m General Exception: 
	at java.base/java.io.ObjectInputStream.readStreamHeader(ObjectInputStream.java:987)
	at java.base/java.io.ObjectInputStream.<init>(ObjectInputStream.java:414)
	at Project.Server.BaseServerThread.run(BaseServerThread.java:76)

12/09/2024 13:46:07 [Project.Server.Server] ([32mINFO[0m):
[34m>[0m Client connected
12/09/2024 13:46:07 [Project.Server.ServerThread] ([32mINFO[0m):
[34m>[0m ServerThread[null(-1)]: My Client disconnected
12/09/2024 13:46:07 [Project.Server.ServerThread] ([32mINFO[0m):
[34m>[0m ServerThread[null(0)]: ServerThread created
12/09/2024 13:46:07 [Project.Server.Server] ([32mINFO[0m):
[34m>[0m Waiting for next client
12/09/2024 13:46:07 [Project.Server.ServerThread] ([32mINFO[0m):
[34m>[0m ServerThread[null(-1)]: Exited thread loop. Cleaning up connection
12/09/2024 13:46:07 [Project.Server.ServerThread] ([32mINFO[0m):
[34m>[0m ServerThread[null(-1)]: ServerThread cleanup() start
12/09/2024 13:46:07 [Project.Server.ServerThread] ([32mINFO[0m):
[34m>[0m ServerThread[null(-1)]: ServerThread cleanup() end
12/09/2024 13:46:07 [Project.Server.ServerThread] ([32mINFO[0m):
[34m>[0m ServerThread[null(-1)]: Thread starting
12/09/2024 13:46:07 [Project.Server.BaseServerThread] ([31mSEVERE[0m):
[34m>[0m General Exception: 
	at java.base/java.io.ObjectInputStream.readStreamHeader(ObjectInputStream.java:987)
	at java.base/java.io.ObjectInputStream.<init>(ObjectInputStream.java:414)
	at Project.Server.BaseServerThread.run(BaseServerThread.java:76)

12/09/2024 13:46:07 [Project.Server.ServerThread] ([32mINFO[0m):
[34m>[0m ServerThread[null(-1)]: My Client disconnected
12/09/2024 13:46:07 [Project.Server.ServerThread] ([32mINFO[0m):
[34m>[0m ServerThread[null(-1)]: Exited thread loop. Cleaning up connection
12/09/2024 13:46:07 [Project.Server.ServerThread] ([32mINFO[0m):
[34m>[0m ServerThread[null(-1)]: ServerThread cleanup() start
12/09/2024 13:46:07 [Project.Server.ServerThread] ([32mINFO[0m):
[34m>[0m ServerThread[null(-1)]: ServerThread cleanup() end
12/09/2024 14:00:32 [Project.Server.ServerThread] ([32mINFO[0m):
[34m>[0m ServerThread[steve(3)]: Received from my client: Payload[DISCONNECT] Client Id [0] Message: [null]
12/09/2024 14:00:32 [Project.Server.Room] ([32mINFO[0m):
[34m>[0m Room[lobby]: sending disconnect status to 3 recipients
12/09/2024 14:00:32 [Project.Server.ServerThread] ([32mINFO[0m):
[34m>[0m ServerThread[steve(3)]: Thread being disconnected by server
12/09/2024 14:00:32 [Project.Server.ServerThread] ([32mINFO[0m):
[34m>[0m ServerThread[steve(3)]: ServerThread cleanup() start
12/09/2024 14:00:32 [Project.Server.ServerThread] ([32mINFO[0m):
[34m>[0m ServerThread[steve(3)]: ServerThread cleanup() end
12/09/2024 14:00:32 [Project.Server.Room] ([34mFINE[0m):
[34m>[0m Clients remaining in Room: 2
12/09/2024 14:00:32 [Project.Server.Room] ([32mINFO[0m):
[34m>[0m Room[lobby]: steve[3] disconnected
12/09/2024 14:00:32 [Project.Server.ServerThread] ([32mINFO[0m):
[34m>[0m ServerThread[steve(3)]: Exited thread loop. Cleaning up connection
12/09/2024 14:00:32 [Project.Server.ServerThread] ([32mINFO[0m):
[34m>[0m ServerThread[steve(3)]: ServerThread cleanup() start
12/09/2024 14:00:32 [Project.Server.ServerThread] ([32mINFO[0m):
[34m>[0m ServerThread[steve(3)]: ServerThread cleanup() end
12/09/2024 14:00:34 [Project.Server.ServerThread] ([32mINFO[0m):
[34m>[0m ServerThread[bob(1)]: Received from my client: Payload[DISCONNECT] Client Id [0] Message: [null]
12/09/2024 14:00:34 [Project.Server.Room] ([32mINFO[0m):
[34m>[0m Room[lobby]: sending disconnect status to 2 recipients
12/09/2024 14:00:34 [Project.Server.ServerThread] ([32mINFO[0m):
[34m>[0m ServerThread[bob(1)]: Thread being disconnected by server
12/09/2024 14:00:34 [Project.Server.ServerThread] ([32mINFO[0m):
[34m>[0m ServerThread[bob(1)]: ServerThread cleanup() start
12/09/2024 14:00:35 [Project.Server.ServerThread] ([32mINFO[0m):
[34m>[0m ServerThread[bob(1)]: ServerThread cleanup() end
12/09/2024 14:00:35 [Project.Server.Room] ([34mFINE[0m):
[34m>[0m Clients remaining in Room: 1
12/09/2024 14:00:35 [Project.Server.Room] ([32mINFO[0m):
[34m>[0m Room[lobby]: bob[1] disconnected
12/09/2024 14:00:35 [Project.Server.ServerThread] ([32mINFO[0m):
[34m>[0m ServerThread[bob(1)]: Exited thread loop. Cleaning up connection
12/09/2024 14:00:35 [Project.Server.ServerThread] ([32mINFO[0m):
[34m>[0m ServerThread[bob(1)]: ServerThread cleanup() start
12/09/2024 14:00:35 [Project.Server.ServerThread] ([32mINFO[0m):
[34m>[0m ServerThread[bob(1)]: ServerThread cleanup() end
12/09/2024 14:01:10 [Project.Server.Server] ([32mINFO[0m):
[34m>[0m Client connected
12/09/2024 14:01:10 [Project.Server.ServerThread] ([32mINFO[0m):
[34m>[0m ServerThread[null(0)]: ServerThread created
12/09/2024 14:01:10 [Project.Server.Server] ([32mINFO[0m):
[34m>[0m Waiting for next client
12/09/2024 14:01:10 [Project.Server.ServerThread] ([32mINFO[0m):
[34m>[0m ServerThread[null(-1)]: Thread starting
12/09/2024 14:01:10 [Project.Server.ServerThread] ([32mINFO[0m):
[34m>[0m ServerThread[null(-1)]: Received from my client: Payload[CLIENT_CONNECT] Client Id [0] Message: [null] Client Name [bob] Status [disconnect]
12/09/2024 14:01:10 [Project.Server.Server] ([32mINFO[0m):
[34m>[0m Server: *bob[4] initialized*
12/09/2024 14:01:10 [Project.Server.Room] ([32mINFO[0m):
[34m>[0m Room[lobby]: sending room status to 2 recipients
12/09/2024 14:01:10 [Project.Server.Room] ([32mINFO[0m):
[34m>[0m Room[lobby]: bob[4] joined the Room[lobby]
12/09/2024 14:01:25 [Project.Server.ServerThread] ([32mINFO[0m):
[34m>[0m ServerThread[bob(4)]: Received from my client: Payload[MESSAGE] Client Id [0] Message: [This is **bold** and *italic* along with _underlined_ with colored text such as #r red r#, #b blue b#, and #g green g# and must support a combination of all formats + color like **_*#r this is bold, underline, italic, and red r#*_**.]
12/09/2024 14:01:25 [Project.Server.Room] ([32mINFO[0m):
[34m>[0m Room[lobby]: sending message to 2 recipients: This is <b>bold</b> and <i>italic</i> along with <u>underlined</u> with colored text such as <red> red </red>, <blue> blue </blue>, and <green> green </green> and must support a combination of all formats + color like <b><u><i><red> this is bold, underline, italic, and red </red></i></u></b>.
12/09/2024 14:05:05 [Project.Server.BaseServerThread] ([31mSEVERE[0m):
[34m>[0m IO exception while reading from client
	at java.base/sun.nio.ch.NioSocketImpl.implRead(NioSocketImpl.java:318)
	at java.base/sun.nio.ch.NioSocketImpl.read(NioSocketImpl.java:345)
	at java.base/sun.nio.ch.NioSocketImpl$1.read(NioSocketImpl.java:794)
	at java.base/java.net.Socket$SocketInputStream.read(Socket.java:1025)
	at java.base/java.net.Socket$SocketInputStream.read(Socket.java:1019)
	at java.base/java.io.ObjectInputStream$PeekInputStream.peek(ObjectInputStream.java:2889)
	at java.base/java.io.ObjectInputStream$BlockDataInputStream.peek(ObjectInputStream.java:3216)
	at java.base/java.io.ObjectInputStream$BlockDataInputStream.peekByte(ObjectInputStream.java:3226)
	at java.base/java.io.ObjectInputStream.readObject0(ObjectInputStream.java:1711)
	at java.base/java.io.ObjectInputStream.readObject(ObjectInputStream.java:538)
	at java.base/java.io.ObjectInputStream.readObject(ObjectInputStream.java:496)
	at Project.Server.BaseServerThread.run(BaseServerThread.java:88)

12/09/2024 14:05:05 [Project.Server.ServerThread] ([32mINFO[0m):
[34m>[0m ServerThread[bob(4)]: Exited thread loop. Cleaning up connection
12/09/2024 14:05:05 [Project.Server.ServerThread] ([32mINFO[0m):
[34m>[0m ServerThread[bob(4)]: ServerThread cleanup() start
12/09/2024 14:05:05 [Project.Server.ServerThread] ([32mINFO[0m):
[34m>[0m ServerThread[bob(4)]: ServerThread cleanup() end
12/09/2024 14:05:18 [Project.Server.Server] ([32mINFO[0m):
[34m>[0m Client connected
12/09/2024 14:05:18 [Project.Server.ServerThread] ([32mINFO[0m):
[34m>[0m ServerThread[null(0)]: ServerThread created
12/09/2024 14:05:18 [Project.Server.Server] ([32mINFO[0m):
[34m>[0m Waiting for next client
12/09/2024 14:05:18 [Project.Server.ServerThread] ([32mINFO[0m):
[34m>[0m ServerThread[null(-1)]: Thread starting
12/09/2024 14:05:18 [Project.Server.ServerThread] ([32mINFO[0m):
[34m>[0m ServerThread[null(-1)]: Received from my client: Payload[CLIENT_CONNECT] Client Id [0] Message: [null] Client Name [bob] Status [disconnect]
12/09/2024 14:05:18 [Project.Server.Server] ([32mINFO[0m):
[34m>[0m Server: *bob[5] initialized*
12/09/2024 14:05:18 [Project.Server.Room] ([32mINFO[0m):
[34m>[0m Room[lobby]: sending room status to 3 recipients
12/09/2024 14:05:18 [Project.Server.Room] ([32mINFO[0m):
[34m>[0m Room[lobby]: bob[5] joined the Room[lobby]
12/09/2024 14:05:29 [Project.Server.ServerThread] ([32mINFO[0m):
[34m>[0m ServerThread[bob(5)]: Received from my client: Payload[MESSAGE] Client Id [0] Message: [This is **bold** and *italic* along with _underlined_ with colored text such as #r red r#, #b blue b#, and #g green g# and must support a combination of all formats + color like **_*#r this is bold, underline, italic, and red r#*_**.]
12/09/2024 14:05:29 [Project.Server.Room] ([32mINFO[0m):
[34m>[0m Room[lobby]: sending message to 3 recipients: This is <b>bold</b> and <i>italic</i> along with <u>underlined</u> with colored text such as <red> red </red>, <blue> blue </blue>, and <green> green </green> and must support a combination of all formats + color like <b><u><i><red> this is bold, underline, italic, and red </red></i></u></b>.
12/09/2024 14:07:22 [Project.Server.ServerThread] ([32mINFO[0m):
[34m>[0m ServerThread[bob(5)]: Received from my client: Payload[DISCONNECT] Client Id [0] Message: [null]
12/09/2024 14:07:22 [Project.Server.Room] ([32mINFO[0m):
[34m>[0m Room[lobby]: sending disconnect status to 3 recipients
12/09/2024 14:07:22 [Project.Server.ServerThread] ([32mINFO[0m):
[34m>[0m ServerThread[bob(5)]: Thread being disconnected by server
12/09/2024 14:07:22 [Project.Server.ServerThread] ([32mINFO[0m):
[34m>[0m ServerThread[bob(5)]: ServerThread cleanup() start
12/09/2024 14:07:22 [Project.Server.ServerThread] ([32mINFO[0m):
[34m>[0m ServerThread[bob(5)]: ServerThread cleanup() end
12/09/2024 14:07:22 [Project.Server.Room] ([34mFINE[0m):
[34m>[0m Clients remaining in Room: 2
12/09/2024 14:07:22 [Project.Server.Room] ([32mINFO[0m):
[34m>[0m Room[lobby]: bob[5] disconnected
12/09/2024 14:07:22 [Project.Server.ServerThread] ([32mINFO[0m):
[34m>[0m ServerThread[bob(5)]: Exited thread loop. Cleaning up connection
12/09/2024 14:07:22 [Project.Server.ServerThread] ([32mINFO[0m):
[34m>[0m ServerThread[bob(5)]: ServerThread cleanup() start
12/09/2024 14:07:22 [Project.Server.ServerThread] ([32mINFO[0m):
[34m>[0m ServerThread[bob(5)]: ServerThread cleanup() end
12/09/2024 14:08:11 [Project.Server.Server] ([32mINFO[0m):
[34m>[0m Server Starting
12/09/2024 14:08:11 [Project.Server.Server] ([32mINFO[0m):
[34m>[0m Listening on port 3000
12/09/2024 14:08:11 [Project.Server.Room] ([32mINFO[0m):
[34m>[0m Room[lobby]: created
12/09/2024 14:08:11 [Project.Server.Server] ([32mINFO[0m):
[34m>[0m Created new Room lobby
12/09/2024 14:08:11 [Project.Server.Server] ([32mINFO[0m):
[34m>[0m Waiting for next client
12/09/2024 14:08:25 [Project.Server.Server] ([32mINFO[0m):
[34m>[0m Client connected
12/09/2024 14:08:25 [Project.Server.ServerThread] ([32mINFO[0m):
[34m>[0m ServerThread[null(0)]: ServerThread created
12/09/2024 14:08:25 [Project.Server.Server] ([32mINFO[0m):
[34m>[0m Waiting for next client
12/09/2024 14:08:25 [Project.Server.ServerThread] ([32mINFO[0m):
[34m>[0m ServerThread[null(-1)]: Thread starting
12/09/2024 14:08:26 [Project.Server.ServerThread] ([32mINFO[0m):
[34m>[0m ServerThread[null(-1)]: Received from my client: Payload[CLIENT_CONNECT] Client Id [0] Message: [null] Client Name [bob] Status [disconnect]
12/09/2024 14:08:26 [Project.Server.Server] ([32mINFO[0m):
[34m>[0m Server: *bob[1] initialized*
12/09/2024 14:08:26 [Project.Server.Room] ([32mINFO[0m):
[34m>[0m Room[lobby]: sending room status to 1 recipients
12/09/2024 14:08:26 [Project.Server.Room] ([32mINFO[0m):
[34m>[0m Room[lobby]: bob[1] joined the Room[lobby]
12/09/2024 14:08:35 [Project.Server.ServerThread] ([32mINFO[0m):
[34m>[0m ServerThread[bob(1)]: Received from my client: Payload[MESSAGE] Client Id [0] Message: [This is **bold** and *italic* along with _underlined_ with colored text such as #r red r#, #b blue b#, and #g green g# and must support a combination of all formats + color like **_*#r this is bold, underline, italic, and red r#*_**.]
12/09/2024 14:08:35 [Project.Server.Room] ([32mINFO[0m):
[34m>[0m Room[lobby]: sending message to 1 recipients: This is <b>bold</b> and <i>italic</i> along with <u>underlined</u> with colored text such as <font color='#FF0000'> red </font>, <font color='#0000FF'> blue </font>, and <font color='#008000'> green </font> and must support a combination of all formats + color like <b><u><i><font color='#FF0000'> this is bold, underline, italic, and red </font></i></u></b>.
12/09/2024 14:08:42 [Project.Server.ServerThread] ([32mINFO[0m):
[34m>[0m ServerThread[bob(1)]: Received from my client: Payload[FLIP] Client Id [0] Message: [null]
12/09/2024 14:08:45 [Project.Server.ServerThread] ([32mINFO[0m):
[34m>[0m ServerThread[bob(1)]: Received from my client: 2 rolled 6-sided dice
12/09/2024 14:08:48 [Project.Server.ServerThread] ([32mINFO[0m):
[34m>[0m ServerThread[bob(1)]: Received from my client: Payload[MESSAGE] Client Id [0] Message: [fsdf]
12/09/2024 14:08:48 [Project.Server.Room] ([32mINFO[0m):
[34m>[0m Room[lobby]: sending message to 1 recipients: fsdf
12/09/2024 14:08:52 [Project.Server.ServerThread] ([32mINFO[0m):
[34m>[0m ServerThread[bob(1)]: Received from my client: 2 rolled 6-sided dice
12/09/2024 14:08:54 [Project.Server.ServerThread] ([32mINFO[0m):
[34m>[0m ServerThread[bob(1)]: Received from my client: Payload[FLIP] Client Id [0] Message: [null]
12/09/2024 14:08:56 [Project.Server.ServerThread] ([32mINFO[0m):
[34m>[0m ServerThread[bob(1)]: Received from my client: Payload[FLIP] Client Id [0] Message: [null]
12/09/2024 14:10:57 [Project.Server.ServerThread] ([32mINFO[0m):
[34m>[0m ServerThread[bob(1)]: Received from my client: Payload[FLIP] Client Id [0] Message: [null]
12/09/2024 14:11:00 [Project.Server.ServerThread] ([32mINFO[0m):
[34m>[0m ServerThread[bob(1)]: Received from my client: Payload[FLIP] Client Id [0] Message: [null]
12/09/2024 14:11:03 [Project.Server.ServerThread] ([32mINFO[0m):
[34m>[0m ServerThread[bob(1)]: Received from my client: 2 rolled 6-sided dice
12/09/2024 14:11:20 [Project.Server.ServerThread] ([32mINFO[0m):
[34m>[0m ServerThread[bob(1)]: Received from my client: 2 rolled 6-sided dice
12/09/2024 14:11:21 [Project.Server.ServerThread] ([32mINFO[0m):
[34m>[0m ServerThread[bob(1)]: Received from my client: Payload[FLIP] Client Id [0] Message: [null]
12/09/2024 14:16:06 [Project.Server.ServerThread] ([32mINFO[0m):
[34m>[0m ServerThread[bob(1)]: Received from my client: Payload[DISCONNECT] Client Id [0] Message: [null]
12/09/2024 14:16:06 [Project.Server.Room] ([32mINFO[0m):
[34m>[0m Room[lobby]: sending disconnect status to 1 recipients
12/09/2024 14:16:06 [Project.Server.ServerThread] ([32mINFO[0m):
[34m>[0m ServerThread[bob(1)]: Thread being disconnected by server
12/09/2024 14:16:06 [Project.Server.ServerThread] ([32mINFO[0m):
[34m>[0m ServerThread[bob(1)]: ServerThread cleanup() start
12/09/2024 14:16:06 [Project.Server.ServerThread] ([32mINFO[0m):
[34m>[0m ServerThread[bob(1)]: ServerThread cleanup() end
12/09/2024 14:16:06 [Project.Server.Room] ([34mFINE[0m):
[34m>[0m Clients remaining in Room: 0
12/09/2024 14:16:06 [Project.Server.Room] ([32mINFO[0m):
[34m>[0m Room[lobby]: bob[1] disconnected
12/09/2024 14:16:06 [Project.Server.ServerThread] ([32mINFO[0m):
[34m>[0m ServerThread[bob(1)]: Exited thread loop. Cleaning up connection
12/09/2024 14:16:06 [Project.Server.ServerThread] ([32mINFO[0m):
[34m>[0m ServerThread[bob(1)]: ServerThread cleanup() start
12/09/2024 14:16:06 [Project.Server.ServerThread] ([32mINFO[0m):
[34m>[0m ServerThread[bob(1)]: ServerThread cleanup() end
